<?xml version="1.0" encoding="UTF-8"?>
<testng-results ignored="0" total="4" passed="4" failed="0" skipped="0">
  <reporter-output>
  </reporter-output>
  <suite started-at="2022-04-30T13:25:18 IST" name="ArithOperations" finished-at="2022-04-30T13:26:27 IST" duration-ms="69752">
    <groups>
    </groups>
    <test started-at="2022-04-30T13:25:18 IST" name="Test" finished-at="2022-04-30T13:26:27 IST" duration-ms="69752">
      <class name="CalcTests.C_Test_002">
        <test-method is-config="true" signature="startup()[pri:0, instance:CalcTests.C_Test_002@4229bb3f]" started-at="2022-04-30T13:25:40 IST" name="startup" finished-at="2022-04-30T13:25:46 IST" duration-ms="5431" status="PASS">
          <reporter-output>
          </reporter-output>
        </test-method> <!-- startup -->
        <test-method signature="SubtractingTwoNumbers()[pri:0, instance:CalcTests.C_Test_002@4229bb3f]" started-at="2022-04-30T13:25:46 IST" name="SubtractingTwoNumbers" finished-at="2022-04-30T13:25:55 IST" duration-ms="9285" status="PASS">
          <reporter-output>
          </reporter-output>
        </test-method> <!-- SubtractingTwoNumbers -->
        <test-method is-config="true" signature="tearDown()[pri:0, instance:CalcTests.C_Test_002@4229bb3f]" started-at="2022-04-30T13:25:55 IST" name="tearDown" finished-at="2022-04-30T13:25:56 IST" duration-ms="1004" status="PASS">
          <reporter-output>
          </reporter-output>
        </test-method> <!-- tearDown -->
      </class> <!-- CalcTests.C_Test_002 -->
      <class name="CalcTests.C_Test_001">
        <test-method is-config="true" signature="startup()[pri:0, instance:CalcTests.C_Test_001@29d89d5d]" started-at="2022-04-30T13:25:18 IST" name="startup" finished-at="2022-04-30T13:25:29 IST" duration-ms="11224" status="PASS">
          <reporter-output>
          </reporter-output>
        </test-method> <!-- startup -->
        <test-method signature="AddingTwoNumbers()[pri:0, instance:CalcTests.C_Test_001@29d89d5d]" started-at="2022-04-30T13:25:29 IST" name="AddingTwoNumbers" finished-at="2022-04-30T13:25:39 IST" duration-ms="10242" status="PASS">
          <reporter-output>
          </reporter-output>
        </test-method> <!-- AddingTwoNumbers -->
        <test-method is-config="true" signature="tearDown()[pri:0, instance:CalcTests.C_Test_001@29d89d5d]" started-at="2022-04-30T13:25:39 IST" name="tearDown" finished-at="2022-04-30T13:25:40 IST" duration-ms="978" status="PASS">
          <reporter-output>
          </reporter-output>
        </test-method> <!-- tearDown -->
      </class> <!-- CalcTests.C_Test_001 -->
      <class name="CalcTests.C_Test_004">
        <test-method is-config="true" signature="startup()[pri:0, instance:CalcTests.C_Test_004@2b91004a]" started-at="2022-04-30T13:26:12 IST" name="startup" finished-at="2022-04-30T13:26:15 IST" duration-ms="3558" status="PASS">
          <reporter-output>
          </reporter-output>
        </test-method> <!-- startup -->
        <test-method signature="DivisionOfTwoNumbers()[pri:0, instance:CalcTests.C_Test_004@2b91004a]" started-at="2022-04-30T13:26:15 IST" name="DivisionOfTwoNumbers" finished-at="2022-04-30T13:26:27 IST" duration-ms="11412" status="PASS">
          <reporter-output>
          </reporter-output>
        </test-method> <!-- DivisionOfTwoNumbers -->
        <test-method is-config="true" signature="tearDown()[pri:0, instance:CalcTests.C_Test_004@2b91004a]" started-at="2022-04-30T13:26:27 IST" name="tearDown" finished-at="2022-04-30T13:26:27 IST" duration-ms="691" status="PASS">
          <reporter-output>
          </reporter-output>
        </test-method> <!-- tearDown -->
      </class> <!-- CalcTests.C_Test_004 -->
      <class name="CalcTests.C_Test_003">
        <test-method is-config="true" signature="startup()[pri:0, instance:CalcTests.C_Test_003@56cdfb3b]" started-at="2022-04-30T13:25:56 IST" name="startup" finished-at="2022-04-30T13:26:00 IST" duration-ms="3940" status="PASS">
          <reporter-output>
          </reporter-output>
        </test-method> <!-- startup -->
        <test-method signature="MultiplicationOfTwoNumbers()[pri:0, instance:CalcTests.C_Test_003@56cdfb3b]" started-at="2022-04-30T13:26:00 IST" name="MultiplicationOfTwoNumbers" finished-at="2022-04-30T13:26:10 IST" duration-ms="10514" status="PASS">
          <reporter-output>
          </reporter-output>
        </test-method> <!-- MultiplicationOfTwoNumbers -->
        <test-method is-config="true" signature="tearDown()[pri:0, instance:CalcTests.C_Test_003@56cdfb3b]" started-at="2022-04-30T13:26:10 IST" name="tearDown" finished-at="2022-04-30T13:26:12 IST" duration-ms="1334" status="PASS">
          <reporter-output>
          </reporter-output>
        </test-method> <!-- tearDown -->
      </class> <!-- CalcTests.C_Test_003 -->
    </test> <!-- Test -->
  </suite> <!-- ArithOperations -->
</testng-results>
