<?xml version="1.0" encoding="UTF-8"?>
<!-- Generated by org.testng.reporters.JUnitXMLReporter -->
<testsuite ignored="0" hostname="LAPTOP-78FE9VUC" failures="0" tests="4" name="Test" time="69.752" errors="0" timestamp="2022-04-30T13:26:28 IST">
  <testcase classname="CalcTests.C_Test_001" name="AddingTwoNumbers" time="10.242"/>
  <testcase classname="CalcTests.C_Test_002" name="SubtractingTwoNumbers" time="9.285"/>
  <testcase classname="CalcTests.C_Test_003" name="MultiplicationOfTwoNumbers" time="10.514"/>
  <testcase classname="CalcTests.C_Test_004" name="DivisionOfTwoNumbers" time="11.412"/>
</testsuite> <!-- Test -->
